<?xml version="1.0" encoding="UTF-8"?>
<!-- Generated by org.testng.reporters.JUnitReportReporter -->
<testsuite hostname="DESKTOP-PVI9R6Q" failures="0" tests="4" name="testPackage.Testclass" time="32.943" errors="0" timestamp="2023-06-22T15:51:41 GMT-04:00" skipped="0">
  <testcase classname="testPackage.Testclass" name="title" time="3.067"/>
  <system-out/>
  <testcase classname="testPackage.Testclass" name="login" time="10.615"/>
  <system-out/>
  <testcase classname="testPackage.Testclass" name="login" time="9.534"/>
  <system-out/>
  <testcase classname="testPackage.Testclass" name="login" time="9.727"/>
  <system-out/>
</testsuite> <!-- testPackage.Testclass -->
